<?xml version="1.0" encoding="UTF-8"?>
<!-- Generated by org.testng.reporters.JUnitReportReporter -->
<testsuite skipped="0" hostname="LAPTOP-04S758FM" name="runners.OrderRunner" tests="2" failures="0" timestamp="2023-04-17T19:04:48 IST" time="0.132" errors="0">
  <testcase name="runScenario" time="0.113" classname="runners.OrderRunner"/>
  <system-out/>
  <testcase name="runScenario" time="0.019" classname="runners.OrderRunner"/>
  <system-out/>
</testsuite> <!-- runners.OrderRunner -->
