<?xml version="1.0" encoding="UTF-8"?>
<!-- Generated by org.testng.reporters.JUnitReportReporter -->
<testsuite skipped="0" hostname="LAPTOP-04S758FM" name="runners.LoginRunner" tests="2" failures="0" timestamp="2023-04-17T10:35:52 IST" time="0.101" errors="0">
  <testcase name="runScenario" time="0.101" classname="runners.LoginRunner"/>
  <system-out/>
  <testcase name="runScenario" time="0.000" classname="runners.LoginRunner"/>
  <system-out/>
</testsuite> <!-- runners.LoginRunner -->
