<?xml version="1.0" encoding="UTF-8"?>
<!-- Generated by org.testng.reporters.JUnitReportReporter -->
<testsuite skipped="0" hostname="LAPTOP-04S758FM" name="runners.ScenarioOutlineRunner" tests="3" failures="0" timestamp="2023-04-18T07:57:05 IST" time="0.126" errors="0">
  <testcase name="runScenario" time="0.000" classname="runners.ScenarioOutlineRunner"/>
  <system-out/>
  <testcase name="runScenario" time="0.014" classname="runners.ScenarioOutlineRunner"/>
  <system-out/>
  <testcase name="runScenario" time="0.112" classname="runners.ScenarioOutlineRunner"/>
  <system-out/>
</testsuite> <!-- runners.ScenarioOutlineRunner -->
