<?xml version="1.0" encoding="UTF-8"?>
<!-- Generated by org.testng.reporters.JUnitReportReporter -->
<testsuite skipped="0" hostname="LAPTOP-04S758FM" name="runners.DataTableRunner" tests="1" failures="0" timestamp="2023-04-19T09:51:20 IST" time="0.128" errors="0">
  <testcase name="runScenario" time="0.128" classname="runners.DataTableRunner"/>
  <system-out/>
</testsuite> <!-- runners.DataTableRunner -->
