<?xml version="1.0" encoding="UTF-8"?>
<!-- Generated by org.testng.reporters.JUnitReportReporter -->
<testsuite skipped="0" hostname="LAPTOP-04S758FM" name="runners.ProfileRunnerWithTags" tests="1" failures="0" timestamp="2023-04-20T11:57:37 IST" time="0.139" errors="0">
  <testcase name="runScenario" time="0.139" classname="runners.ProfileRunnerWithTags"/>
  <system-out/>
</testsuite> <!-- runners.ProfileRunnerWithTags -->
