<?xml version="1.0" encoding="UTF-8"?>
<!-- Generated by org.testng.reporters.JUnitReportReporter -->
<testsuite skipped="0" hostname="LAPTOP-04S758FM" name="runners.ProfileRunnerWithHooks" tests="3" failures="0" timestamp="2023-04-23T10:21:39 IST" time="0.200" errors="0">
  <testcase name="runScenario" time="0.163" classname="runners.ProfileRunnerWithHooks"/>
  <system-out/>
  <testcase name="runScenario" time="0.020" classname="runners.ProfileRunnerWithHooks"/>
  <system-out/>
  <testcase name="runScenario" time="0.017" classname="runners.ProfileRunnerWithHooks"/>
  <system-out/>
</testsuite> <!-- runners.ProfileRunnerWithHooks -->
