<?xml version="1.0" encoding="UTF-8"?>
<!-- Generated by org.testng.reporters.JUnitReportReporter -->
<testsuite skipped="0" hostname="LAPTOP-04S758FM" name="runners.LoginWithDataRunner" tests="1" failures="0" timestamp="2023-04-17T18:18:02 IST" time="0.112" errors="0">
  <testcase name="runScenario" time="0.112" classname="runners.LoginWithDataRunner"/>
  <system-out/>
</testsuite> <!-- runners.LoginWithDataRunner -->
