<?xml version="1.0" encoding="UTF-8"?>
<!-- Generated by org.testng.reporters.JUnitReportReporter -->
<testsuite skipped="0" hostname="LAPTOP-04S758FM" name="execution.RunAmazonTest" tests="3" failures="0" timestamp="2023-05-10T10:35:59 IST" time="0.145" errors="0">
  <testcase name="runScenario" time="0.113" classname="execution.RunAmazonTest"/>
  <system-out/>
  <testcase name="runScenario" time="0.016" classname="execution.RunAmazonTest"/>
  <system-out/>
  <testcase name="runScenario" time="0.016" classname="execution.RunAmazonTest"/>
  <system-out/>
</testsuite> <!-- execution.RunAmazonTest -->
